<?xml version="1.0" encoding="UTF-8"?>
<!-- Generated by org.testng.reporters.JUnitXMLReporter -->
<testsuite hostname="SZ-BTLRVT2" ignored="0" name="Command line test" tests="1" failures="1" timestamp="2021-01-05T20:24:58 CST" time="0.055" errors="0">
  <testcase name="contextLoads" time="0.009" classname="com.smallbird.backend.platform.SmallBirdApplicationTests">
    <failure type="java.lang.AssertionError" message="expected [2] but found [1]">
        <![CDATA[java.lang.AssertionError: expected [2] but found [1]
at com.smallbird.backend.platform.SmallBirdApplicationTests.contextLoads(SmallBirdApplicationTests.java:15)
at java.util.ArrayList.forEach(ArrayList.java:1257)
at com.smallbird.backend.platform.Deno.main(Deno.java:11)
... Removed 30 stack frames]]>
    </failure>
  </testcase> <!-- contextLoads -->
</testsuite> <!-- Command line test -->
